<?xml version="1.0" encoding="UTF-8"?>
<testsuite xmlns:xsi="http://www.w3.org/2001/XMLSchema-instance" xsi:noNamespaceSchemaLocation="https://maven.apache.org/surefire/maven-surefire-plugin/xsd/surefire-test-report.xsd" name="com.uai.app.AppTest" time="0.035" tests="1" errors="0" skipped="0" failures="0">
  <properties>
    <property name="java.specification.version" value="17"/>
    <property name="sun.cpu.isalist" value="amd64"/>
    <property name="sun.jnu.encoding" value="Cp1252"/>
    <property name="java.class.path" value="C:\Users\papo_\Workspace\Universidad 2022.1\Paradigmas\Java\app\target\test-classes;C:\Users\papo_\Workspace\Universidad 2022.1\Paradigmas\Java\app\target\classes;C:\Users\papo_\.m2\repository\junit\junit\4.11\junit-4.11.jar;C:\Users\papo_\.m2\repository\org\hamcrest\hamcrest-core\1.3\hamcrest-core-1.3.jar;C:\Users\papo_\.m2\repository\com\opencsv\opencsv\5.3\opencsv-5.3.jar;C:\Users\papo_\.m2\repository\org\apache\commons\commons-lang3\3.11\commons-lang3-3.11.jar;C:\Users\papo_\.m2\repository\org\apache\commons\commons-text\1.9\commons-text-1.9.jar;C:\Users\papo_\.m2\repository\commons-beanutils\commons-beanutils\1.9.4\commons-beanutils-1.9.4.jar;C:\Users\papo_\.m2\repository\commons-logging\commons-logging\1.2\commons-logging-1.2.jar;C:\Users\papo_\.m2\repository\commons-collections\commons-collections\3.2.2\commons-collections-3.2.2.jar;C:\Users\papo_\.m2\repository\org\apache\commons\commons-collections4\4.4\commons-collections4-4.4.jar;C:\Users\papo_\.m2\repository\com\intellij\javac2\7.0.3\javac2-7.0.3.jar;C:\Users\papo_\.m2\repository\asm\asm-commons\3.0\asm-commons-3.0.jar;C:\Users\papo_\.m2\repository\asm\asm-tree\3.0\asm-tree-3.0.jar;C:\Users\papo_\.m2\repository\asm\asm\3.0\asm-3.0.jar;C:\Users\papo_\.m2\repository\jdom\jdom\1.0\jdom-1.0.jar;C:\Users\papo_\.m2\repository\org\apache\ant\ant\1.7.0\ant-1.7.0.jar;C:\Users\papo_\.m2\repository\org\apache\ant\ant-launcher\1.7.0\ant-launcher-1.7.0.jar;C:\Users\papo_\.m2\repository\com\jgoodies\forms\1.1-preview\forms-1.1-preview.jar;C:\Users\papo_\.m2\repository\com\intellij\forms_rt\7.0.3\forms_rt-7.0.3.jar;"/>
    <property name="java.vm.vendor" value="Oracle Corporation"/>
    <property name="sun.arch.data.model" value="64"/>
    <property name="user.variant" value=""/>
    <property name="java.vendor.url" value="https://java.oracle.com/"/>
    <property name="user.timezone" value="America/Santiago"/>
    <property name="os.name" value="Windows 10"/>
    <property name="java.vm.specification.version" value="17"/>
    <property name="sun.java.launcher" value="SUN_STANDARD"/>
    <property name="user.country" value="CL"/>
    <property name="sun.boot.library.path" value="C:\Program Files\Java\jdk-17.0.2\bin"/>
    <property name="sun.java.command" value="C:\Users\papo_\AppData\Local\Temp\surefire477643591965558700\surefirebooter11896612922707156278.jar C:\Users\papo_\AppData\Local\Temp\surefire477643591965558700 2022-05-18T18-54-06_688-jvmRun1 surefire15642896331673792345tmp surefire_013875195279780511166tmp"/>
    <property name="jdk.debug" value="release"/>
    <property name="surefire.test.class.path" value="C:\Users\papo_\Workspace\Universidad 2022.1\Paradigmas\Java\app\target\test-classes;C:\Users\papo_\Workspace\Universidad 2022.1\Paradigmas\Java\app\target\classes;C:\Users\papo_\.m2\repository\junit\junit\4.11\junit-4.11.jar;C:\Users\papo_\.m2\repository\org\hamcrest\hamcrest-core\1.3\hamcrest-core-1.3.jar;C:\Users\papo_\.m2\repository\com\opencsv\opencsv\5.3\opencsv-5.3.jar;C:\Users\papo_\.m2\repository\org\apache\commons\commons-lang3\3.11\commons-lang3-3.11.jar;C:\Users\papo_\.m2\repository\org\apache\commons\commons-text\1.9\commons-text-1.9.jar;C:\Users\papo_\.m2\repository\commons-beanutils\commons-beanutils\1.9.4\commons-beanutils-1.9.4.jar;C:\Users\papo_\.m2\repository\commons-logging\commons-logging\1.2\commons-logging-1.2.jar;C:\Users\papo_\.m2\repository\commons-collections\commons-collections\3.2.2\commons-collections-3.2.2.jar;C:\Users\papo_\.m2\repository\org\apache\commons\commons-collections4\4.4\commons-collections4-4.4.jar;C:\Users\papo_\.m2\repository\com\intellij\javac2\7.0.3\javac2-7.0.3.jar;C:\Users\papo_\.m2\repository\asm\asm-commons\3.0\asm-commons-3.0.jar;C:\Users\papo_\.m2\repository\asm\asm-tree\3.0\asm-tree-3.0.jar;C:\Users\papo_\.m2\repository\asm\asm\3.0\asm-3.0.jar;C:\Users\papo_\.m2\repository\jdom\jdom\1.0\jdom-1.0.jar;C:\Users\papo_\.m2\repository\org\apache\ant\ant\1.7.0\ant-1.7.0.jar;C:\Users\papo_\.m2\repository\org\apache\ant\ant-launcher\1.7.0\ant-launcher-1.7.0.jar;C:\Users\papo_\.m2\repository\com\jgoodies\forms\1.1-preview\forms-1.1-preview.jar;C:\Users\papo_\.m2\repository\com\intellij\forms_rt\7.0.3\forms_rt-7.0.3.jar;"/>
    <property name="sun.cpu.endian" value="little"/>
    <property name="user.home" value="C:\Users\papo_"/>
    <property name="user.language" value="es"/>
    <property name="java.specification.vendor" value="Oracle Corporation"/>
    <property name="java.version.date" value="2022-01-18"/>
    <property name="java.home" value="C:\Program Files\Java\jdk-17.0.2"/>
    <property name="file.separator" value="\"/>
    <property name="basedir" value="C:\Users\papo_\Workspace\Universidad 2022.1\Paradigmas\Java\app"/>
    <property name="java.vm.compressedOopsMode" value="32-bit"/>
    <property name="line.separator" value="&#10;"/>
    <property name="java.vm.specification.vendor" value="Oracle Corporation"/>
    <property name="java.specification.name" value="Java Platform API Specification"/>
    <property name="surefire.real.class.path" value="C:\Users\papo_\AppData\Local\Temp\surefire477643591965558700\surefirebooter11896612922707156278.jar"/>
    <property name="user.script" value=""/>
    <property name="sun.management.compiler" value="HotSpot 64-Bit Tiered Compilers"/>
    <property name="java.runtime.version" value="17.0.2+8-LTS-86"/>
    <property name="user.name" value="papo_"/>
    <property name="path.separator" value=";"/>
    <property name="os.version" value="10.0"/>
    <property name="java.runtime.name" value="Java(TM) SE Runtime Environment"/>
    <property name="file.encoding" value="Cp1252"/>
    <property name="java.vm.name" value="Java HotSpot(TM) 64-Bit Server VM"/>
    <property name="localRepository" value="C:\Users\papo_\.m2\repository"/>
    <property name="java.vendor.url.bug" value="https://bugreport.java.com/bugreport/"/>
    <property name="java.io.tmpdir" value="C:\Users\papo_\AppData\Local\Temp\"/>
    <property name="java.version" value="17.0.2"/>
    <property name="user.dir" value="C:\Users\papo_\Workspace\Universidad 2022.1\Paradigmas\Java\app"/>
    <property name="os.arch" value="amd64"/>
    <property name="java.vm.specification.name" value="Java Virtual Machine Specification"/>
    <property name="sun.os.patch.level" value=""/>
    <property name="native.encoding" value="Cp1252"/>
    <property name="java.library.path" value="C:\Program Files\Java\jdk-17.0.2\bin;C:\WINDOWS\Sun\Java\bin;C:\WINDOWS\system32;C:\WINDOWS;C:\Program Files\Common Files\Oracle\Java\javapath;C:\windows\system32;C:\windows;C:\windows\System32\Wbem;C:\windows\System32\WindowsPowerShell\v1.0\;C:\windows\System32\OpenSSH\;C:\Program Files (x86)\NVIDIA Corporation\PhysX\Common;C:\Program Files\NVIDIA Corporation\NVIDIA NGX;C:\Program Files\NVIDIA Corporation\NVIDIA NvDLISR;C:\WINDOWS\system32;C:\WINDOWS;C:\WINDOWS\System32\Wbem;C:\WINDOWS\System32\WindowsPowerShell\v1.0\;C:\WINDOWS\System32\OpenSSH\;C:\Program Files\Git\cmd;C:\Program Files\Maven\apache-maven-3.8.5\bin;C:\Users\papo_\anaconda3;C:\Users\papo_\anaconda3\Library\mingw-w64\bin;C:\Users\papo_\anaconda3\Library\usr\bin;C:\Users\papo_\anaconda3\Library\bin;C:\Users\papo_\anaconda3\Scripts;C:\Users\papo_\anaconda3\bin;C:\Users\papo_\anaconda3\condabin;C:\WINDOWS\System32\WindowsPowerShe;C:\Users\papo_\AppData\Local\Programs\Microsoft VS Code\bin;."/>
    <property name="java.vm.info" value="mixed mode, sharing"/>
    <property name="java.vendor" value="Oracle Corporation"/>
    <property name="java.vm.version" value="17.0.2+8-LTS-86"/>
    <property name="sun.io.unicode.encoding" value="UnicodeLittle"/>
    <property name="java.class.version" value="61.0"/>
  </properties>
  <testcase name="shouldAnswerWithTrue" classname="com.uai.app.AppTest" time="0.001"/>
</testsuite>