<?xml version="1.0" encoding="UTF-8"?>
<testsuite xmlns:xsi="http://www.w3.org/2001/XMLSchema-instance" xsi:noNamespaceSchemaLocation="https://maven.apache.org/surefire/maven-surefire-plugin/xsd/surefire-test-report.xsd" name="com.uai.app.AppTest" time="0.016" tests="1" errors="0" skipped="0" failures="0">
  <properties>
    <property name="java.specification.version" value="18"/>
    <property name="sun.jnu.encoding" value="UTF-8"/>
    <property name="java.class.path" value="/Users/itallo/IdeaProjects/App2-main/app/target/test-classes:/Users/itallo/IdeaProjects/App2-main/app/target/classes:/Users/itallo/.m2/repository/junit/junit/4.11/junit-4.11.jar:/Users/itallo/.m2/repository/org/hamcrest/hamcrest-core/1.3/hamcrest-core-1.3.jar:/Users/itallo/.m2/repository/com/opencsv/opencsv/5.3/opencsv-5.3.jar:/Users/itallo/.m2/repository/org/apache/commons/commons-lang3/3.11/commons-lang3-3.11.jar:/Users/itallo/.m2/repository/org/apache/commons/commons-text/1.9/commons-text-1.9.jar:/Users/itallo/.m2/repository/commons-beanutils/commons-beanutils/1.9.4/commons-beanutils-1.9.4.jar:/Users/itallo/.m2/repository/commons-logging/commons-logging/1.2/commons-logging-1.2.jar:/Users/itallo/.m2/repository/commons-collections/commons-collections/3.2.2/commons-collections-3.2.2.jar:/Users/itallo/.m2/repository/org/apache/commons/commons-collections4/4.4/commons-collections4-4.4.jar:/Users/itallo/.m2/repository/com/intellij/javac2/7.0.3/javac2-7.0.3.jar:/Users/itallo/.m2/repository/asm/asm-commons/3.0/asm-commons-3.0.jar:/Users/itallo/.m2/repository/asm/asm-tree/3.0/asm-tree-3.0.jar:/Users/itallo/.m2/repository/asm/asm/3.0/asm-3.0.jar:/Users/itallo/.m2/repository/jdom/jdom/1.0/jdom-1.0.jar:/Users/itallo/.m2/repository/org/apache/ant/ant/1.7.0/ant-1.7.0.jar:/Users/itallo/.m2/repository/org/apache/ant/ant-launcher/1.7.0/ant-launcher-1.7.0.jar:/Users/itallo/.m2/repository/com/jgoodies/forms/1.1-preview/forms-1.1-preview.jar:/Users/itallo/.m2/repository/com/intellij/forms_rt/7.0.3/forms_rt-7.0.3.jar:"/>
    <property name="java.vm.vendor" value="Homebrew"/>
    <property name="sun.arch.data.model" value="64"/>
    <property name="java.vendor.url" value="https://github.com/Homebrew/homebrew-core/issues"/>
    <property name="os.name" value="Mac OS X"/>
    <property name="java.vm.specification.version" value="18"/>
    <property name="sun.java.launcher" value="SUN_STANDARD"/>
    <property name="user.country" value="419"/>
    <property name="sun.boot.library.path" value="/opt/homebrew/Cellar/openjdk/18.0.1/libexec/openjdk.jdk/Contents/Home/lib"/>
    <property name="sun.java.command" value="/Users/itallo/IdeaProjects/App2-main/app/target/surefire/surefirebooter3074777569904611768.jar /Users/itallo/IdeaProjects/App2-main/app/target/surefire 2022-05-24T17-16-07_685-jvmRun1 surefire520009339698331717tmp surefire_017196189040144123736tmp"/>
    <property name="http.nonProxyHosts" value="local|*.local|169.254/16|*.169.254/16"/>
    <property name="jdk.debug" value="release"/>
    <property name="surefire.test.class.path" value="/Users/itallo/IdeaProjects/App2-main/app/target/test-classes:/Users/itallo/IdeaProjects/App2-main/app/target/classes:/Users/itallo/.m2/repository/junit/junit/4.11/junit-4.11.jar:/Users/itallo/.m2/repository/org/hamcrest/hamcrest-core/1.3/hamcrest-core-1.3.jar:/Users/itallo/.m2/repository/com/opencsv/opencsv/5.3/opencsv-5.3.jar:/Users/itallo/.m2/repository/org/apache/commons/commons-lang3/3.11/commons-lang3-3.11.jar:/Users/itallo/.m2/repository/org/apache/commons/commons-text/1.9/commons-text-1.9.jar:/Users/itallo/.m2/repository/commons-beanutils/commons-beanutils/1.9.4/commons-beanutils-1.9.4.jar:/Users/itallo/.m2/repository/commons-logging/commons-logging/1.2/commons-logging-1.2.jar:/Users/itallo/.m2/repository/commons-collections/commons-collections/3.2.2/commons-collections-3.2.2.jar:/Users/itallo/.m2/repository/org/apache/commons/commons-collections4/4.4/commons-collections4-4.4.jar:/Users/itallo/.m2/repository/com/intellij/javac2/7.0.3/javac2-7.0.3.jar:/Users/itallo/.m2/repository/asm/asm-commons/3.0/asm-commons-3.0.jar:/Users/itallo/.m2/repository/asm/asm-tree/3.0/asm-tree-3.0.jar:/Users/itallo/.m2/repository/asm/asm/3.0/asm-3.0.jar:/Users/itallo/.m2/repository/jdom/jdom/1.0/jdom-1.0.jar:/Users/itallo/.m2/repository/org/apache/ant/ant/1.7.0/ant-1.7.0.jar:/Users/itallo/.m2/repository/org/apache/ant/ant-launcher/1.7.0/ant-launcher-1.7.0.jar:/Users/itallo/.m2/repository/com/jgoodies/forms/1.1-preview/forms-1.1-preview.jar:/Users/itallo/.m2/repository/com/intellij/forms_rt/7.0.3/forms_rt-7.0.3.jar:"/>
    <property name="sun.cpu.endian" value="little"/>
    <property name="user.home" value="/Users/itallo"/>
    <property name="user.language" value="es"/>
    <property name="java.specification.vendor" value="Oracle Corporation"/>
    <property name="java.version.date" value="2022-04-19"/>
    <property name="java.home" value="/opt/homebrew/Cellar/openjdk/18.0.1/libexec/openjdk.jdk/Contents/Home"/>
    <property name="file.separator" value="/"/>
    <property name="basedir" value="/Users/itallo/IdeaProjects/App2-main/app"/>
    <property name="java.vm.compressedOopsMode" value="Zero based"/>
    <property name="line.separator" value="&#10;"/>
    <property name="java.vm.specification.vendor" value="Oracle Corporation"/>
    <property name="java.specification.name" value="Java Platform API Specification"/>
    <property name="apple.awt.application.name" value="ForkedBooter"/>
    <property name="surefire.real.class.path" value="/Users/itallo/IdeaProjects/App2-main/app/target/surefire/surefirebooter3074777569904611768.jar"/>
    <property name="sun.management.compiler" value="HotSpot 64-Bit Tiered Compilers"/>
    <property name="ftp.nonProxyHosts" value="local|*.local|169.254/16|*.169.254/16"/>
    <property name="java.runtime.version" value="18.0.1+0"/>
    <property name="user.name" value="itallo"/>
    <property name="path.separator" value=":"/>
    <property name="os.version" value="12.3"/>
    <property name="java.runtime.name" value="OpenJDK Runtime Environment"/>
    <property name="file.encoding" value="UTF-8"/>
    <property name="java.vm.name" value="OpenJDK 64-Bit Server VM"/>
    <property name="java.vendor.version" value="Homebrew"/>
    <property name="localRepository" value="/Users/itallo/.m2/repository"/>
    <property name="java.vendor.url.bug" value="https://github.com/Homebrew/homebrew-core/issues"/>
    <property name="java.io.tmpdir" value="/var/folders/m7/ch46cmfd2nd2j64j0b7fj1w40000gn/T/"/>
    <property name="java.version" value="18.0.1"/>
    <property name="user.dir" value="/Users/itallo/IdeaProjects/App2-main/app"/>
    <property name="os.arch" value="aarch64"/>
    <property name="java.vm.specification.name" value="Java Virtual Machine Specification"/>
    <property name="native.encoding" value="UTF-8"/>
    <property name="java.library.path" value="/Users/itallo/Library/Java/Extensions:/Library/Java/Extensions:/Network/Library/Java/Extensions:/System/Library/Java/Extensions:/usr/lib/java:."/>
    <property name="java.vm.info" value="mixed mode, sharing"/>
    <property name="java.vendor" value="Homebrew"/>
    <property name="java.vm.version" value="18.0.1+0"/>
    <property name="sun.io.unicode.encoding" value="UnicodeBig"/>
    <property name="socksNonProxyHosts" value="local|*.local|169.254/16|*.169.254/16"/>
    <property name="java.class.version" value="62.0"/>
  </properties>
  <testcase name="shouldAnswerWithTrue" classname="com.uai.app.AppTest" time="0.001"/>
</testsuite>